<?xml version="1.0" encoding="UTF-8"?>
<testsuite xmlns:xsi="http://www.w3.org/2001/XMLSchema-instance" xsi:noNamespaceSchemaLocation="https://maven.apache.org/surefire/maven-surefire-plugin/xsd/surefire-test-report-3.0.xsd" version="3.0" name="Test_unitaire.AssembleurTest" time="0.071" tests="29" errors="0" skipped="0" failures="0">
  <properties>
[...]
</properties>
  <testcase name="parser_LOAD_constante" classname="Test_unitaire.AssembleurTest" time="0.002"/>
  <testcase name="assembler_sourceVide_nEcritRien" classname="Test_unitaire.AssembleurTest" time="0.001"/>
  <testcase name="parser_LOAD_memoire" classname="Test_unitaire.AssembleurTest" time="0.001"/>
  <testcase name="parser_LOAD_indexe" classname="Test_unitaire.AssembleurTest" time="0.001"/>
  <testcase name="parser_ADD" classname="Test_unitaire.AssembleurTest" time="0.001"/>
  <testcase name="parser_BEQ" classname="Test_unitaire.AssembleurTest" time="0.001"/>
  <testcase name="parser_BNE" classname="Test_unitaire.AssembleurTest" time="0.001"/>
  <testcase name="parser_DIV" classname="Test_unitaire.AssembleurTest" time="0.002"/>
  <testcase name="parser_MUL" classname="Test_unitaire.AssembleurTest" time="0.002"/>
  <testcase name="parser_SUB" classname="Test_unitaire.AssembleurTest" time="0.001"/>
  <testcase name="parser_XOR" classname="Test_unitaire.AssembleurTest" time="0.002"/>
  <testcase name="parser_ET_et_AND" classname="Test_unitaire.AssembleurTest" time="0.001"/>
  <testcase name="registre_enMinuscules_accepte" classname="Test_unitaire.AssembleurTest" time="0.002"/>
  <testcase name="parser_STORE_indexe" classname="Test_unitaire.AssembleurTest" time="0.001"/>
  <testcase name="adresse_16bits_bigEndian" classname="Test_unitaire.AssembleurTest" time="0.001"/>
  <testcase name="ignorer_commentaireEnFinDeLigne" classname="Test_unitaire.AssembleurTest" time="0.001"/>
  <testcase name="ignorer_lignesVidesEtCommentaires" classname="Test_unitaire.AssembleurTest" time="0.001"/>
  <testcase name="adresse_sansCrochets_lancerRuntimeException" classname="Test_unitaire.AssembleurTest" time="0.002"/>
  <testcase name="mnemonique_enMinuscules_accepte" classname="Test_unitaire.AssembleurTest" time="0.002"/>
  <testcase name="parser_DATA" classname="Test_unitaire.AssembleurTest" time="0.001"/>
  <testcase name="parser_JUMP" classname="Test_unitaire.AssembleurTest" time="0.001"/>
  <testcase name="assembler_marqueEstAssemble" classname="Test_unitaire.AssembleurTest" time="0.001"/>
  <testcase name="mnemonique_inconnu_lancerRuntimeException" classname="Test_unitaire.AssembleurTest" time="0.007"/>
  <testcase name="parser_STRING" classname="Test_unitaire.AssembleurTest" time="0.001"/>
  <testcase name="parser_BREAK" classname="Test_unitaire.AssembleurTest" time="0.001"/>
  <testcase name="parser_STORE" classname="Test_unitaire.AssembleurTest" time="0.001"/>
  <testcase name="parser_OU_et_OR" classname="Test_unitaire.AssembleurTest" time="0.001"/>
  <testcase name="adresseFinale_multiLignes" classname="Test_unitaire.AssembleurTest" time="0.001"/>
  <testcase name="registre_invalide_lancerRuntimeException" classname="Test_unitaire.AssembleurTest" time="0.001"/>
</testsuite>